
> study-at-china@0.1.0 build
> next build

   ▲ Next.js 15.1.3
   - Environments: .env.local

   Creating an optimized production build ...
 ✓ Compiled successfully
   Linting and checking validity of types ...

Failed to compile.

./src/app/[locale]/admin/(dashboard)/academic-years/page.tsx
2:10  Error: 'Button' is defined but never used.  @typescript-eslint/no-unused-vars

./src/app/[locale]/admin/(dashboard)/admission-requirements/RequirementsCatalogClient.tsx
4:29  Error: 'CardDescription' is defined but never used.  @typescript-eslint/no-unused-vars
37:25  Error: Unexpected any. Specify a different type.  @typescript-eslint/no-explicit-any

./src/app/[locale]/admin/(dashboard)/applications/[id]/page.tsx
363:92  Error: Unexpected any. Specify a different type.  @typescript-eslint/no-explicit-any

./src/app/[locale]/admin/(dashboard)/applications/components/ApplicationDialog.tsx
31:18  Error: Unexpected any. Specify a different type.  @typescript-eslint/no-explicit-any
446:130  Error: `"` can be escaped with `&quot;`, `&ldquo;`, `&#34;`, `&rdquo;`.  react/no-unescaped-entities
446:146  Error: `"` can be escaped with `&quot;`, `&ldquo;`, `&#34;`, `&rdquo;`.  react/no-unescaped-entities
492:131  Error: `"` can be escaped with `&quot;`, `&ldquo;`, `&#34;`, `&rdquo;`.  react/no-unescaped-entities
492:149  Error: `"` can be escaped with `&quot;`, `&ldquo;`, `&#34;`, `&rdquo;`.  react/no-unescaped-entities
522:127  Error: `"` can be escaped with `&quot;`, `&ldquo;`, `&#34;`, `&rdquo;`.  react/no-unescaped-entities
522:136  Error: `"` can be escaped with `&quot;`, `&ldquo;`, `&#34;`, `&rdquo;`.  react/no-unescaped-entities

./src/app/[locale]/admin/(dashboard)/applications/components/ApplicationManagementForm.tsx
24:18  Error: Unexpected any. Specify a different type.  @typescript-eslint/no-explicit-any
383:130  Error: `"` can be escaped with `&quot;`, `&ldquo;`, `&#34;`, `&rdquo;`.  react/no-unescaped-entities
383:146  Error: `"` can be escaped with `&quot;`, `&ldquo;`, `&#34;`, `&rdquo;`.  react/no-unescaped-entities
430:131  Error: `"` can be escaped with `&quot;`, `&ldquo;`, `&#34;`, `&rdquo;`.  react/no-unescaped-entities
430:149  Error: `"` can be escaped with `&quot;`, `&ldquo;`, `&#34;`, `&rdquo;`.  react/no-unescaped-entities
465:127  Error: `"` can be escaped with `&quot;`, `&ldquo;`, `&#34;`, `&rdquo;`.  react/no-unescaped-entities
465:136  Error: `"` can be escaped with `&quot;`, `&ldquo;`, `&#34;`, `&rdquo;`.  react/no-unescaped-entities

./src/app/[locale]/admin/(dashboard)/articles/page.tsx
37:9  Warning: Unused eslint-disable directive (no problems were reported from 'react-hooks/exhaustive-deps').

./src/app/[locale]/admin/(dashboard)/documents/actions.ts
80:21  Error: Unexpected any. Specify a different type.  @typescript-eslint/no-explicit-any

./src/app/[locale]/admin/(dashboard)/languages/page.tsx
2:10  Error: 'Button' is defined but never used.  @typescript-eslint/no-unused-vars
3:29  Error: 'CardDescription' is defined but never used.  @typescript-eslint/no-unused-vars

./src/app/[locale]/admin/(dashboard)/leads/components/LeadDialog.tsx
27:11  Error: Unexpected any. Specify a different type.  @typescript-eslint/no-explicit-any
58:18  Error: 'error' is defined but never used.  @typescript-eslint/no-unused-vars

./src/app/[locale]/admin/(dashboard)/leads/components/columns.tsx
7:5  Error: 'DropdownMenu' is defined but never used.  @typescript-eslint/no-unused-vars
8:5  Error: 'DropdownMenuContent' is defined but never used.  @typescript-eslint/no-unused-vars
9:5  Error: 'DropdownMenuItem' is defined but never used.  @typescript-eslint/no-unused-vars
10:5  Error: 'DropdownMenuLabel' is defined but never used.  @typescript-eslint/no-unused-vars
11:5  Error: 'DropdownMenuSeparator' is defined but never used.  @typescript-eslint/no-unused-vars
12:5  Error: 'DropdownMenuTrigger' is defined but never used.  @typescript-eslint/no-unused-vars
17:10  Error: 'useState' is defined but never used.  @typescript-eslint/no-unused-vars
18:10  Error: 'deleteLead' is defined but never used.  @typescript-eslint/no-unused-vars
19:10  Error: 'toast' is defined but never used.  @typescript-eslint/no-unused-vars

./src/app/[locale]/admin/(dashboard)/messages/[applicationId]/page.tsx
12:46  Error: Unexpected any. Specify a different type.  @typescript-eslint/no-explicit-any
13:52  Error: Unexpected any. Specify a different type.  @typescript-eslint/no-explicit-any
19:8  Warning: React Hook useEffect has a missing dependency: 'fetchConversation'. Either include it or remove the dependency array.  react-hooks/exhaustive-deps
65:30  Error: Unexpected any. Specify a different type.  @typescript-eslint/no-explicit-any
66:26  Error: Unexpected any. Specify a different type.  @typescript-eslint/no-explicit-any

./src/app/[locale]/admin/(dashboard)/messages/actions.ts
136:18  Error: 'e' is defined but never used.  @typescript-eslint/no-unused-vars

./src/app/[locale]/admin/(dashboard)/messages/components/AdminMessageReply.tsx
54:18  Error: 'error' is defined but never used.  @typescript-eslint/no-unused-vars

./src/app/[locale]/admin/(dashboard)/messages/components/AdminMessageReplyWithAttachments.tsx
111:18  Error: 'error' is defined but never used.  @typescript-eslint/no-unused-vars

./src/app/[locale]/admin/(dashboard)/messages/components/AdminQuickReply.tsx
101:18  Error: 'error' is defined but never used.  @typescript-eslint/no-unused-vars

./src/app/[locale]/admin/(dashboard)/messages/components/InboxMessages.tsx
23:10  Error: 'formatDistanceToNow' is defined but never used.  @typescript-eslint/no-unused-vars
28:15  Error: Unexpected any. Specify a different type.  @typescript-eslint/no-explicit-any
96:37  Error: Unexpected any. Specify a different type.  @typescript-eslint/no-explicit-any
170:83  Error: Unexpected any. Specify a different type.  @typescript-eslint/no-explicit-any

./src/app/[locale]/admin/(dashboard)/messages/components/MessageThreads.tsx
208:64  Error: 'index' is defined but never used.  @typescript-eslint/no-unused-vars

./src/app/[locale]/admin/(dashboard)/messages/components/SentMessages.tsx
9:5  Error: 'AlertCircle' is defined but never used.  @typescript-eslint/no-unused-vars
21:10  Error: 'formatDistanceToNow' is defined but never used.  @typescript-eslint/no-unused-vars
89:34  Error: `'` can be escaped with `&apos;`, `&lsquo;`, `&#39;`, `&rsquo;`.  react/no-unescaped-entities

./src/app/[locale]/admin/(dashboard)/messages/components/StudentInboxMessages.tsx
10:5  Error: 'Clock' is defined but never used.  @typescript-eslint/no-unused-vars
23:10  Error: 'formatDistanceToNow' is defined but never used.  @typescript-eslint/no-unused-vars
24:10  Error: 'toast' is defined but never used.  @typescript-eslint/no-unused-vars
27:15  Error: Unexpected any. Specify a different type.  @typescript-eslint/no-explicit-any
80:37  Error: Unexpected any. Specify a different type.  @typescript-eslint/no-explicit-any
142:83  Error: Unexpected any. Specify a different type.  @typescript-eslint/no-explicit-any

./src/app/[locale]/admin/(dashboard)/messages/components/StudentMessageThreads.tsx
206:64  Error: 'index' is defined but never used.  @typescript-eslint/no-unused-vars

./src/app/[locale]/admin/(dashboard)/messages/components/StudentQuickReply.tsx
10:10  Error: 'sendAdminReplyWithAttachments' is defined but never used.  @typescript-eslint/no-unused-vars
98:18  Error: 'error' is defined but never used.  @typescript-eslint/no-unused-vars

./src/app/[locale]/admin/(dashboard)/messages/page.tsx
88:8  Warning: React Hook useEffect has a missing dependency: 'fetchMessages'. Either include it or remove the dependency array.  react-hooks/exhaustive-deps
215:18  Error: 'error' is defined but never used.  @typescript-eslint/no-unused-vars
399:72  Error: 'index' is defined but never used.  @typescript-eslint/no-unused-vars

./src/app/[locale]/admin/(dashboard)/program-catalog/page.tsx
24:20  Error: 'useEffect' is defined but never used.  @typescript-eslint/no-unused-vars
52:21  Error: 'setLoading' is assigned a value but never used.  @typescript-eslint/no-unused-vars

./src/app/[locale]/admin/(dashboard)/programs/components/ProgramDialog.tsx
15:10  Error: 'Textarea' is defined but never used.  @typescript-eslint/no-unused-vars
74:74  Error: Unexpected any. Specify a different type.  @typescript-eslint/no-explicit-any
75:58  Error: Unexpected any. Specify a different type.  @typescript-eslint/no-explicit-any
76:72  Error: Unexpected any. Specify a different type.  @typescript-eslint/no-explicit-any
125:41  Error: Unexpected any. Specify a different type.  @typescript-eslint/no-explicit-any
210:18  Error: 'error' is defined but never used.  @typescript-eslint/no-unused-vars
229:18  Error: 'error' is defined but never used.  @typescript-eslint/no-unused-vars
316:92  Error: Unexpected any. Specify a different type.  @typescript-eslint/no-explicit-any
326:82  Error: Unexpected any. Specify a different type.  @typescript-eslint/no-explicit-any
541:85  Error: Unexpected any. Specify a different type.  @typescript-eslint/no-explicit-any
551:65  Error: Unexpected any. Specify a different type.  @typescript-eslint/no-explicit-any

./src/app/[locale]/admin/(dashboard)/programs/page.tsx
2:10  Error: 'Button' is defined but never used.  @typescript-eslint/no-unused-vars
26:42  Error: Unexpected any. Specify a different type.  @typescript-eslint/no-explicit-any

./src/app/[locale]/admin/(dashboard)/scholarship-types/[id]/page.tsx
49:8  Warning: React Hook useEffect has a missing dependency: 'fetchScholarshipType'. Either include it or remove the dependency array.  react-hooks/exhaustive-deps
57:25  Error: Unexpected any. Specify a different type.  @typescript-eslint/no-explicit-any
336:50  Error: `'` can be escaped with `&apos;`, `&lsquo;`, `&#39;`, `&rsquo;`.  react/no-unescaped-entities

./src/app/[locale]/admin/(dashboard)/scholarship-types/page.tsx
11:22  Error: 'Trash2' is defined but never used.  @typescript-eslint/no-unused-vars
49:11  Error: 'groupedByUniversity' is assigned a value but never used.  @typescript-eslint/no-unused-vars
49:112  Error: Unexpected any. Specify a different type.  @typescript-eslint/no-explicit-any
125:55  Error: Unexpected any. Specify a different type.  @typescript-eslint/no-explicit-any
158:71  Error: `"` can be escaped with `&quot;`, `&ldquo;`, `&#34;`, `&rdquo;`.  react/no-unescaped-entities
158:92  Error: `"` can be escaped with `&quot;`, `&ldquo;`, `&#34;`, `&rdquo;`.  react/no-unescaped-entities

./src/app/[locale]/admin/(dashboard)/universities/[id]/accommodation/page.tsx
11:10  Error: 'Separator' is defined but never used.  @typescript-eslint/no-unused-vars
33:58  Error: Unexpected any. Specify a different type.  @typescript-eslint/no-explicit-any
35:72  Error: Unexpected any. Specify a different type.  @typescript-eslint/no-explicit-any
39:8  Warning: React Hook useEffect has a missing dependency: 'fetchData'. Either include it or remove the dependency array.  react-hooks/exhaustive-deps

./src/app/[locale]/admin/(dashboard)/universities/[id]/page.tsx
1025:75  Error: Unexpected any. Specify a different type.  @typescript-eslint/no-explicit-any

./src/app/[locale]/admin/(dashboard)/universities/[id]/requirements/RequirementsManager.tsx
8:10  Error: 'Input' is defined but never used.  @typescript-eslint/no-unused-vars
19:5  Error: 'DialogTrigger' is defined but never used.  @typescript-eslint/no-unused-vars
45:74  Error: Unexpected any. Specify a different type.  @typescript-eslint/no-explicit-any
46:44  Error: Unexpected any. Specify a different type.  @typescript-eslint/no-explicit-any
49:66  Error: Unexpected any. Specify a different type.  @typescript-eslint/no-explicit-any
56:8  Warning: React Hook useEffect has a missing dependency: 'loadData'. Either include it or remove the dependency array.  react-hooks/exhaustive-deps
66:25  Error: Unexpected any. Specify a different type.  @typescript-eslint/no-explicit-any
187:69  Error: Unexpected any. Specify a different type.  @typescript-eslint/no-explicit-any
187:79  Error: Unexpected any. Specify a different type.  @typescript-eslint/no-explicit-any
234:82  Error: Unexpected any. Specify a different type.  @typescript-eslint/no-explicit-any

./src/app/[locale]/admin/(dashboard)/universities/[id]/scholarships/[scholarshipId]/page.tsx
54:8  Warning: React Hook useEffect has missing dependencies: 'fetchScholarship' and 'fetchUniversity'. Either include them or remove the dependency array.  react-hooks/exhaustive-deps

./src/app/[locale]/admin/(dashboard)/universities/[id]/scholarships/page.tsx
80:59  Error: Unexpected any. Specify a different type.  @typescript-eslint/no-explicit-any
92:87  Error: Unexpected any. Specify a different type.  @typescript-eslint/no-explicit-any
117:58  Error: Unexpected any. Specify a different type.  @typescript-eslint/no-explicit-any
175:66  Error: `"` can be escaped with `&quot;`, `&ldquo;`, `&#34;`, `&rdquo;`.  react/no-unescaped-entities
175:82  Error: `"` can be escaped with `&quot;`, `&ldquo;`, `&#34;`, `&rdquo;`.  react/no-unescaped-entities

./src/app/[locale]/admin/(dashboard)/universities/components/AccommodationDialog.tsx
24:21  Error: Unexpected any. Specify a different type.  @typescript-eslint/no-explicit-any

./src/app/[locale]/admin/(dashboard)/universities/page.tsx
108:50  Error: Unexpected any. Specify a different type.  @typescript-eslint/no-explicit-any

./src/app/[locale]/admin/(dashboard)/users/components/UserDialog.tsx
22:10  Error: 'Badge' is defined but never used.  @typescript-eslint/no-unused-vars
85:15  Error: 'data' is assigned a value but never used.  @typescript-eslint/no-unused-vars

./src/app/[locale]/admin/(dashboard)/users/page.tsx
1:10  Error: 'Button' is defined but never used.  @typescript-eslint/no-unused-vars
2:29  Error: 'CardDescription' is defined but never used.  @typescript-eslint/no-unused-vars
117:44  Error: Unexpected any. Specify a different type.  @typescript-eslint/no-explicit-any

./src/app/[locale]/admin/login/page.tsx
3:10  Error: 'Button' is defined but never used.  @typescript-eslint/no-unused-vars
6:46  Error: 'CardFooter' is defined but never used.  @typescript-eslint/no-unused-vars

./src/app/[locale]/dashboard/applications/[id]/page.tsx
382:69  Error: `'` can be escaped with `&apos;`, `&lsquo;`, `&#39;`, `&rsquo;`.  react/no-unescaped-entities

./src/app/[locale]/dashboard/applications/actions.ts
65:21  Error: Unexpected any. Specify a different type.  @typescript-eslint/no-explicit-any
134:21  Error: Unexpected any. Specify a different type.  @typescript-eslint/no-explicit-any
142:5  Error: 'paymentMethodId' is defined but never used.  @typescript-eslint/no-unused-vars
196:21  Error: Unexpected any. Specify a different type.  @typescript-eslint/no-explicit-any

./src/app/[locale]/dashboard/applications/components/DocumentRequestCard.tsx
113:18  Error: 'error' is defined but never used.  @typescript-eslint/no-unused-vars

./src/app/[locale]/dashboard/applications/components/PaymentRequestCard.tsx
96:18  Error: 'error' is defined but never used.  @typescript-eslint/no-unused-vars
116:18  Error: 'error' is defined but never used.  @typescript-eslint/no-unused-vars
225:51  Error: `'` can be escaped with `&apos;`, `&lsquo;`, `&#39;`, `&rsquo;`.  react/no-unescaped-entities

./src/app/[locale]/dashboard/documents/DocumentsManager.tsx
31:5  Error: 'AlertCircle' is defined but never used.  @typescript-eslint/no-unused-vars

./src/app/[locale]/dashboard/documents/actions.ts
61:21  Error: Unexpected any. Specify a different type.  @typescript-eslint/no-explicit-any
102:21  Error: Unexpected any. Specify a different type.  @typescript-eslint/no-explicit-any

./src/app/[locale]/dashboard/layout.tsx
3:47  Error: 'LogOut' is defined but never used.  @typescript-eslint/no-unused-vars

./src/app/[locale]/dashboard/messages/actions.ts
52:11  Error: 'originalMessageId' is assigned a value but never used.  @typescript-eslint/no-unused-vars

./src/app/[locale]/dashboard/messages/components/MarkAllReadButton.tsx
26:14  Error: 'error' is defined but never used.  @typescript-eslint/no-unused-vars

./src/app/[locale]/dashboard/messages/components/MessageReply.tsx
99:14  Error: 'error' is defined but never used.  @typescript-eslint/no-unused-vars

./src/app/[locale]/dashboard/messages/components/StudentMessageThreads.tsx
28:14  Error: Unexpected any. Specify a different type.  @typescript-eslint/no-explicit-any
83:18  Error: 'error' is defined but never used.  @typescript-eslint/no-unused-vars
155:64  Error: Unexpected any. Specify a different type.  @typescript-eslint/no-explicit-any
225:107  Error: Unexpected any. Specify a different type.  @typescript-eslint/no-explicit-any

./src/app/[locale]/dashboard/messages/page.tsx
4:10  Error: 'Badge' is defined but never used.  @typescript-eslint/no-unused-vars
5:10  Error: 'Button' is defined but never used.  @typescript-eslint/no-unused-vars
8:3  Error: 'Clock' is defined but never used.  @typescript-eslint/no-unused-vars
11:3  Error: 'ChevronDown' is defined but never used.  @typescript-eslint/no-unused-vars
12:3  Error: 'ChevronRight' is defined but never used.  @typescript-eslint/no-unused-vars
13:3  Error: 'User' is defined but never used.  @typescript-eslint/no-unused-vars
14:3  Error: 'Shield' is defined but never used.  @typescript-eslint/no-unused-vars
15:3  Error: 'Paperclip' is defined but never used.  @typescript-eslint/no-unused-vars
16:3  Error: 'Download' is defined but never used.  @typescript-eslint/no-unused-vars
17:3  Error: 'FileText' is defined but never used.  @typescript-eslint/no-unused-vars
18:12  Error: 'ImageIcon' is defined but never used.  @typescript-eslint/no-unused-vars
19:3  Error: 'File' is defined but never used.  @typescript-eslint/no-unused-vars
20:3  Error: 'RefreshCw' is defined but never used.  @typescript-eslint/no-unused-vars
70:9  Error: 'totalMessages' is assigned a value but never used.  @typescript-eslint/no-unused-vars
73:37  Error: Unexpected any. Specify a different type.  @typescript-eslint/no-explicit-any

./src/app/[locale]/dashboard/page.tsx
122:57  Error: Unexpected any. Specify a different type.  @typescript-eslint/no-explicit-any

./src/app/[locale]/dashboard/payments/page.tsx
3:29  Error: 'CardDescription' is defined but never used.  @typescript-eslint/no-unused-vars
15:3  Error: 'FileText' is defined but never used.  @typescript-eslint/no-unused-vars
173:35  Error: Unexpected any. Specify a different type.  @typescript-eslint/no-explicit-any
310:22  Error: `'` can be escaped with `&apos;`, `&lsquo;`, `&#39;`, `&rsquo;`.  react/no-unescaped-entities
331:31  Error: `'` can be escaped with `&apos;`, `&lsquo;`, `&#39;`, `&rsquo;`.  react/no-unescaped-entities

./src/app/[locale]/dashboard/profile/ProfileEditForm.tsx
10:16  Error: 'Phone' is defined but never used.  @typescript-eslint/no-unused-vars
10:23  Error: 'Globe' is defined but never used.  @typescript-eslint/no-unused-vars
10:30  Error: 'CreditCard' is defined but never used.  @typescript-eslint/no-unused-vars
10:50  Error: 'Calendar' is defined but never used.  @typescript-eslint/no-unused-vars
16:11  Error: Unexpected any. Specify a different type.  @typescript-eslint/no-explicit-any
17:14  Error: Unexpected any. Specify a different type.  @typescript-eslint/no-explicit-any

./src/app/[locale]/dashboard/profile/actions.ts
79:21  Error: Unexpected any. Specify a different type.  @typescript-eslint/no-explicit-any

./src/app/[locale]/dashboard/settings/page.tsx
11:16  Error: 'Mail' is defined but never used.  @typescript-eslint/no-unused-vars
11:22  Error: 'Phone' is defined but never used.  @typescript-eslint/no-unused-vars
11:29  Error: 'MapPin' is defined but never used.  @typescript-eslint/no-unused-vars
16:36  Error: Unexpected any. Specify a different type.  @typescript-eslint/no-explicit-any
29:6  Warning: React Hook useEffect has a missing dependency: 'loadUserData'. Either include it or remove the dependency array.  react-hooks/exhaustive-deps
64:21  Error: Unexpected any. Specify a different type.  @typescript-eslint/no-explicit-any

./src/app/[locale]/layout.tsx
39:45  Error: Unexpected any. Specify a different type.  @typescript-eslint/no-explicit-any

./src/app/[locale]/profile/onboarding/page.tsx
22:12  Error: 'formData' is assigned a value but never used.  @typescript-eslint/no-unused-vars
22:22  Error: 'setFormData' is assigned a value but never used.  @typescript-eslint/no-unused-vars
147:82  Error: `'` can be escaped with `&apos;`, `&lsquo;`, `&#39;`, `&rsquo;`.  react/no-unescaped-entities
148:78  Error: `'` can be escaped with `&apos;`, `&lsquo;`, `&#39;`, `&rsquo;`.  react/no-unescaped-entities

./src/app/api/checkout/route.ts
6:40  Error: Unexpected any. Specify a different type.  @typescript-eslint/no-explicit-any
40:21  Error: Unexpected any. Specify a different type.  @typescript-eslint/no-explicit-any

./src/app/profile/onboarding/page.tsx
22:12  Error: 'formData' is assigned a value but never used.  @typescript-eslint/no-unused-vars
22:22  Error: 'setFormData' is assigned a value but never used.  @typescript-eslint/no-unused-vars
147:82  Error: `'` can be escaped with `&apos;`, `&lsquo;`, `&#39;`, `&rsquo;`.  react/no-unescaped-entities
148:78  Error: `'` can be escaped with `&apos;`, `&lsquo;`, `&#39;`, `&rsquo;`.  react/no-unescaped-entities

./src/components/admin/AiGeneratorButton.tsx
21:28  Error: Unexpected any. Specify a different type.  @typescript-eslint/no-explicit-any

./src/components/applications/ApplyForm.tsx
27:12  Error: Unexpected any. Specify a different type.  @typescript-eslint/no-explicit-any
28:17  Error: Unexpected any. Specify a different type.  @typescript-eslint/no-explicit-any
29:9  Error: Unexpected any. Specify a different type.  @typescript-eslint/no-explicit-any
30:13  Error: Unexpected any. Specify a different type.  @typescript-eslint/no-explicit-any
84:62  Error: Unexpected any. Specify a different type.  @typescript-eslint/no-explicit-any
85:73  Error: Unexpected any. Specify a different type.  @typescript-eslint/no-explicit-any
96:6  Warning: React Hook useEffect has a missing dependency: 'supabase'. Either include it or remove the dependency array.  react-hooks/exhaustive-deps
154:19  Error: Unexpected any. Specify a different type.  @typescript-eslint/no-explicit-any
280:19  Error: Unexpected any. Specify a different type.  @typescript-eslint/no-explicit-any

info  - Need to disable some ESLint rules? Learn more here: https://nextjs.org/docs/app/api-reference/config/eslint#disabling-rules
