
> study-at-china@0.1.0 dev
> next dev

 ⚠ Warning: Next.js inferred your workspace root, but it may not be correct.
 We detected multiple lockfiles and selected the directory of /Users/darwish/pnpm-lock.yaml as the root directory.
 To silence this warning, set `turbopack.root` in your Next.js config, or consider removing one of the lockfiles if it's not needed.
   See https://nextjs.org/docs/app/api-reference/config/next-config-js/turbopack#root-directory for more information.
 Detected additional lockfiles: 
   * /Users/darwish/Dev/StudyinProject/package-lock.json

   ▲ Next.js 16.0.10 (Turbopack)
   - Local:         http://localhost:3000
   - Network:       http://192.168.68.57:3000
   - Environments: .env.local
   - Experiments (use with caution):
     · optimizePackageImports

 ✓ Starting...
[baseline-browser-mapping] The data in this module is over two months old.  To ensure accurate Baseline data, please update: `npm i baseline-browser-mapping@latest -D`
 ⚠ The "middleware" file convention is deprecated. Please use "proxy" instead. Learn more: https://nextjs.org/docs/messages/middleware-to-proxy
 ✓ Ready in 921ms
TOTAL RAW: 5042 POPULAR RAW: 31 POPULAR FINAL: 1
Error: MISSING_MESSAGE: Could not resolve `Scholarships.search.coverage` in messages for locale `en`.
    at <unknown> (src/app/[locale]/(public)/scholarships/page.tsx:228:83)
    at Array.map (<anonymous>)
    at ScholarshipsPage (src/app/[locale]/(public)/scholarships/page.tsx:206:46)
  226 |                                         <div className="flex flex-wrap gap-2">
  227 |                                             <Badge variant="secondary" className="bg-emerald-50 text-emerald-700 dark:bg-emerald-900/20 dark:text-emerald-400 font-medium">
> 228 |                                                 {p.tuition_coverage_percentage}% {t('search.coverage', { fallback: 'Tuition' })}
      |                                                                                   ^
  229 |                                             </Badge>
  230 |                                             {p.includes_stipend && (
  231 |                                                 <Badge variant="secondary" className="bg-blue-50 text-blue-700 dark:bg-blue-900/20 dark:text-blue-400 font-medium"> {
  code: 'MISSING_MESSAGE',
  originalMessage: 'Could not resolve `Scholarships.search.coverage` in messages for locale `en`.'
}
 GET /en/scholarships 200 in 6.9s (compile: 2.8s, proxy.ts: 99ms, render: 4.0s)
 GET /sw.js 404 in 1057ms (compile: 1000ms, render: 57ms)
Universities Debug: [
  {
    name: 'Zhejiang University of Finance and Economics',
    cover: undefined
  },
  {
    name: 'Zhongnan University of Economics and Law',
    cover: undefined
  },
  { name: 'Wenzhou Medical University', cover: undefined },
  { name: 'Changzhou University', cover: undefined },
  { name: 'University of Nottingham Ningbo China', cover: undefined },
  {
    name: 'Shanghai Lixin University of Accounting and Finance ',
    cover: undefined
  },
  {
    name: 'Shanghai University-SILC BUSINESS SCHOOL',
    cover: undefined
  },
  { name: 'Lishui University', cover: undefined }
]
 GET /en/admin/login 200 in 710ms (compile: 638ms, proxy.ts: 9ms, render: 63ms)
 GET /sw.js 404 in 73ms (compile: 7ms, render: 66ms)
Universities Debug: [
  {
    name: 'Zhejiang University of Finance and Economics',
    cover: undefined
  },
  {
    name: 'Zhongnan University of Economics and Law',
    cover: undefined
  },
  { name: 'Wenzhou Medical University', cover: undefined },
  { name: 'Changzhou University', cover: undefined },
  { name: 'University of Nottingham Ningbo China', cover: undefined },
  {
    name: 'Shanghai Lixin University of Accounting and Finance ',
    cover: undefined
  },
  {
    name: 'Shanghai University-SILC BUSINESS SCHOOL',
    cover: undefined
  },
  { name: 'Lishui University', cover: undefined }
]
Error initializing admin dashboard: Error: Your project's URL and Key are required to create a Supabase client!

Check your Supabase project's API settings to find these values

https://supabase.com/dashboard/project/_/settings/api
    at <unknown> (https://supabase.com/dashboard/project/_/settings/api)
    at createAdminClient (src/lib/supabase/server.ts:41:30)
    at async AdminDashboardPage (src/app/[locale]/admin/(dashboard)/page.tsx:32:26)
  39 |     const cookieStore = await cookies()
  40 |
> 41 |     return createServerClient(
     |                              ^
  42 |         process.env.NEXT_PUBLIC_SUPABASE_URL!,
  43 |         process.env.SUPABASE_SERVICE_ROLE_KEY!,
  44 |         {
 GET /en/admin 200 in 1804ms (compile: 777ms, proxy.ts: 290ms, render: 738ms)
 POST /en/admin 200 in 237ms (compile: 6ms, proxy.ts: 217ms, render: 13ms)
 POST /en/admin 200 in 582ms (compile: 4ms, proxy.ts: 204ms, render: 374ms)
 GET /sw.js 404 in 84ms (compile: 13ms, render: 70ms)
Universities Debug: [
  {
    name: 'Zhejiang University of Finance and Economics',
    cover: undefined
  },
  {
    name: 'Zhongnan University of Economics and Law',
    cover: undefined
  },
  { name: 'Wenzhou Medical University', cover: undefined },
  { name: 'Changzhou University', cover: undefined },
  { name: 'University of Nottingham Ningbo China', cover: undefined },
  {
    name: 'Shanghai Lixin University of Accounting and Finance ',
    cover: undefined
  },
  {
    name: 'Shanghai University-SILC BUSINESS SCHOOL',
    cover: undefined
  },
  { name: 'Lishui University', cover: undefined }
]
 GET /en/admin/universities 200 in 1030ms (compile: 639ms, proxy.ts: 187ms, render: 204ms)
 POST /en/admin/universities 200 in 258ms (compile: 8ms, proxy.ts: 243ms, render: 8ms)
 POST /en/admin/universities 200 in 488ms (compile: 12ms, proxy.ts: 202ms, render: 273ms)
 GET /en/admin/universities/f7d46033-6611-4eff-9c78-d7950e6dcad8/scholarships 200 in 1053ms (compile: 590ms, proxy.ts: 209ms, render: 254ms)
 POST /en/admin/universities/f7d46033-6611-4eff-9c78-d7950e6dcad8/scholarships 200 in 201ms (compile: 6ms, proxy.ts: 189ms, render: 6ms)
 POST /en/admin/universities/f7d46033-6611-4eff-9c78-d7950e6dcad8/scholarships 200 in 482ms (compile: 4ms, proxy.ts: 182ms, render: 297ms)
 GET /en/admin/universities/f7d46033-6611-4eff-9c78-d7950e6dcad8/scholarships/0819eb6c-2c47-4d81-8867-19b8e3b278f8 200 in 862ms (compile: 636ms, proxy.ts: 205ms, render: 21ms)
 POST /en/admin/universities/f7d46033-6611-4eff-9c78-d7950e6dcad8/scholarships/0819eb6c-2c47-4d81-8867-19b8e3b278f8 200 in 202ms (compile: 7ms, proxy.ts: 188ms, render: 7ms)
 POST /en/admin/universities/f7d46033-6611-4eff-9c78-d7950e6dcad8/scholarships/0819eb6c-2c47-4d81-8867-19b8e3b278f8 200 in 466ms (compile: 5ms, proxy.ts: 187ms, render: 274ms)
 ✓ Compiled in 143ms
 GET /en/admin/universities/f7d46033-6611-4eff-9c78-d7950e6dcad8/scholarships/0819eb6c-2c47-4d81-8867-19b8e3b278f8 200 in 1135ms (compile: 97ms, proxy.ts: 430ms, render: 608ms)
 POST /en/admin/universities/f7d46033-6611-4eff-9c78-d7950e6dcad8/scholarships/0819eb6c-2c47-4d81-8867-19b8e3b278f8 200 in 345ms (compile: 11ms, proxy.ts: 324ms, render: 10ms)
 POST /en/admin/universities/f7d46033-6611-4eff-9c78-d7950e6dcad8/scholarships/0819eb6c-2c47-4d81-8867-19b8e3b278f8 200 in 476ms (compile: 5ms, proxy.ts: 184ms, render: 287ms)
 GET /sw.js 404 in 81ms (compile: 10ms, render: 71ms)
Universities Debug: [
  {
    name: 'Zhejiang University of Finance and Economics',
    cover: undefined
  },
  {
    name: 'Zhongnan University of Economics and Law',
    cover: undefined
  },
  { name: 'Wenzhou Medical University', cover: undefined },
  { name: 'Changzhou University', cover: undefined },
  { name: 'University of Nottingham Ningbo China', cover: undefined },
  {
    name: 'Shanghai Lixin University of Accounting and Finance ',
    cover: undefined
  },
  {
    name: 'Shanghai University-SILC BUSINESS SCHOOL',
    cover: undefined
  },
  { name: 'Lishui University', cover: undefined }
]
 ✓ Compiled in 198ms
Universities Debug: [
  {
    name: 'Zhejiang University of Finance and Economics',
    cover: undefined
  },
  {
    name: 'Zhongnan University of Economics and Law',
    cover: undefined
  },
  { name: 'Wenzhou Medical University', cover: undefined },
  { name: 'Changzhou University', cover: undefined },
  { name: 'University of Nottingham Ningbo China', cover: undefined },
  {
    name: 'Shanghai Lixin University of Accounting and Finance ',
    cover: undefined
  },
  {
    name: 'Shanghai University-SILC BUSINESS SCHOOL',
    cover: undefined
  },
  { name: 'Lishui University', cover: undefined }
]
 GET /en 200 in 2.4s (compile: 21ms, proxy.ts: 114ms, render: 2.2s)
 GET /en/programs?level=bachelor 200 in 1672ms (compile: 715ms, proxy.ts: 74ms, render: 884ms)
 ✓ Compiled in 134ms
 ✓ Compiled in 89ms
 GET /en/admin/universities/f7d46033-6611-4eff-9c78-d7950e6dcad8/scholarships/0819eb6c-2c47-4d81-8867-19b8e3b278f8 200 in 548ms (compile: 40ms, proxy.ts: 409ms, render: 99ms)
 GET /en/programs?level=bachelor 200 in 553ms (compile: 82ms, proxy.ts: 214ms, render: 257ms)
TOTAL RAW: 5042 POPULAR RAW: 31 POPULAR FINAL: 1
Error: MISSING_MESSAGE: Could not resolve `Scholarships.search.coverage` in messages for locale `en`.
    at <unknown> (src/app/[locale]/(public)/scholarships/page.tsx:228:83)
    at Array.map (<anonymous>)
    at ScholarshipsPage (src/app/[locale]/(public)/scholarships/page.tsx:206:46)
  226 |                                         <div className="flex flex-wrap gap-2">
  227 |                                             <Badge variant="secondary" className="bg-emerald-50 text-emerald-700 dark:bg-emerald-900/20 dark:text-emerald-400 font-medium">
> 228 |                                                 {p.tuition_coverage_percentage}% {t('search.coverage', { fallback: 'Tuition' })}
      |                                                                                   ^
  229 |                                             </Badge>
  230 |                                             {p.includes_stipend && (
  231 |                                                 <Badge variant="secondary" className="bg-blue-50 text-blue-700 dark:bg-blue-900/20 dark:text-blue-400 font-medium"> {
  code: 'MISSING_MESSAGE',
  originalMessage: 'Could not resolve `Scholarships.search.coverage` in messages for locale `en`.'
}
 GET /en/scholarships 200 in 4.1s (compile: 45ms, proxy.ts: 438ms, render: 3.7s)
 ✓ Compiled in 120ms
 ✓ Compiled in 91ms
 ✓ Compiled in 94ms
 ✓ Compiled in 124ms
 GET /en/admin/universities/f7d46033-6611-4eff-9c78-d7950e6dcad8/scholarships/0819eb6c-2c47-4d81-8867-19b8e3b278f8 200 in 529ms (compile: 17ms, proxy.ts: 302ms, render: 210ms)
 GET /en/programs?level=bachelor 200 in 824ms (compile: 76ms, proxy.ts: 153ms, render: 594ms)
TOTAL RAW: 5042 POPULAR RAW: 31 POPULAR FINAL: 1
Error: MISSING_MESSAGE: Could not resolve `Scholarships.search.coverage` in messages for locale `en`.
    at <unknown> (src/app/[locale]/(public)/scholarships/page.tsx:229:83)
    at Array.map (<anonymous>)
    at ScholarshipsPage (src/app/[locale]/(public)/scholarships/page.tsx:207:46)
  227 |                                         <div className="flex flex-wrap gap-2">
  228 |                                             <Badge variant="secondary" className="bg-emerald-50 text-emerald-700 dark:bg-emerald-900/20 dark:text-emerald-400 font-medium">
> 229 |                                                 {p.tuition_coverage_percentage}% {t('search.coverage', { fallback: 'Tuition' })}
      |                                                                                   ^
  230 |                                             </Badge>
  231 |                                             {p.includes_stipend && (
  232 |                                                 <Badge variant="secondary" className="bg-blue-50 text-blue-700 dark:bg-blue-900/20 dark:text-blue-400 font-medium"> {
  code: 'MISSING_MESSAGE',
  originalMessage: 'Could not resolve `Scholarships.search.coverage` in messages for locale `en`.'
}
 GET /en/scholarships 200 in 2.8s (compile: 126ms, proxy.ts: 302ms, render: 2.3s)
 ✓ Compiled in 133ms
TOTAL RAW: 5042 POPULAR RAW: 31 POPULAR FINAL: 1
Error: MISSING_MESSAGE: Could not resolve `Scholarships.search.coverage` in messages for locale `en`.
    at <unknown> (src/app/[locale]/(public)/scholarships/page.tsx:229:83)
    at Array.map (<anonymous>)
    at ScholarshipsPage (src/app/[locale]/(public)/scholarships/page.tsx:207:46)
  227 |                                         <div className="flex flex-wrap gap-2">
  228 |                                             <Badge variant="secondary" className="bg-emerald-50 text-emerald-700 dark:bg-emerald-900/20 dark:text-emerald-400 font-medium">
> 229 |                                                 {p.tuition_coverage_percentage}% {t('search.coverage', { fallback: 'Tuition' })}
      |                                                                                   ^
  230 |                                             </Badge>
  231 |                                             {p.includes_stipend && (
  232 |                                                 <Badge variant="secondary" className="bg-blue-50 text-blue-700 dark:bg-blue-900/20 dark:text-blue-400 font-medium"> {
  code: 'MISSING_MESSAGE',
  originalMessage: 'Could not resolve `Scholarships.search.coverage` in messages for locale `en`.'
}
 GET /en/scholarships 200 in 4.1s (compile: 87ms, proxy.ts: 244ms, render: 3.8s)
 GET /sw.js 404 in 57ms (compile: 5ms, render: 52ms)
Universities Debug: [
  {
    name: 'Zhejiang University of Finance and Economics',
    cover: undefined
  },
  {
    name: 'Zhongnan University of Economics and Law',
    cover: undefined
  },
  { name: 'Wenzhou Medical University', cover: undefined },
  { name: 'Changzhou University', cover: undefined },
  { name: 'University of Nottingham Ningbo China', cover: undefined },
  {
    name: 'Shanghai Lixin University of Accounting and Finance ',
    cover: undefined
  },
  {
    name: 'Shanghai University-SILC BUSINESS SCHOOL',
    cover: undefined
  },
  { name: 'Lishui University', cover: undefined }
]
 GET /en/programs 200 in 1171ms (compile: 7ms, proxy.ts: 224ms, render: 940ms)
 GET /sw.js 404 in 55ms (compile: 7ms, render: 49ms)
Universities Debug: [
  {
    name: 'Zhejiang University of Finance and Economics',
    cover: undefined
  },
  {
    name: 'Zhongnan University of Economics and Law',
    cover: undefined
  },
  { name: 'Wenzhou Medical University', cover: undefined },
  { name: 'Changzhou University', cover: undefined },
  { name: 'University of Nottingham Ningbo China', cover: undefined },
  {
    name: 'Shanghai Lixin University of Accounting and Finance ',
    cover: undefined
  },
  {
    name: 'Shanghai University-SILC BUSINESS SCHOOL',
    cover: undefined
  },
  { name: 'Lishui University', cover: undefined }
]
 GET /en/admin/programs 200 in 16.1s (compile: 826ms, proxy.ts: 1108ms, render: 14.1s)
 POST /en/admin/programs 200 in 283ms (compile: 7ms, proxy.ts: 269ms, render: 7ms)
 POST /en/admin/programs 200 in 771ms (compile: 4ms, proxy.ts: 219ms, render: 548ms)
 GET /sw.js 404 in 50ms (compile: 5ms, render: 45ms)
Universities Debug: [
  {
    name: 'Zhejiang University of Finance and Economics',
    cover: undefined
  },
  {
    name: 'Zhongnan University of Economics and Law',
    cover: undefined
  },
  { name: 'Wenzhou Medical University', cover: undefined },
  { name: 'Changzhou University', cover: undefined },
  { name: 'University of Nottingham Ningbo China', cover: undefined },
  {
    name: 'Shanghai Lixin University of Accounting and Finance ',
    cover: undefined
  },
  {
    name: 'Shanghai University-SILC BUSINESS SCHOOL',
    cover: undefined
  },
  { name: 'Lishui University', cover: undefined }
]
 POST /en/admin/programs 200 in 2.7s (compile: 12ms, proxy.ts: 299ms, render: 2.4s)
TOTAL RAW: 5042 POPULAR RAW: 31 POPULAR FINAL: 1
Error: MISSING_MESSAGE: Could not resolve `Scholarships.search.coverage` in messages for locale `en`.
    at <unknown> (src/app/[locale]/(public)/scholarships/page.tsx:229:83)
    at Array.map (<anonymous>)
    at ScholarshipsPage (src/app/[locale]/(public)/scholarships/page.tsx:207:46)
  227 |                                         <div className="flex flex-wrap gap-2">
  228 |                                             <Badge variant="secondary" className="bg-emerald-50 text-emerald-700 dark:bg-emerald-900/20 dark:text-emerald-400 font-medium">
> 229 |                                                 {p.tuition_coverage_percentage}% {t('search.coverage', { fallback: 'Tuition' })}
      |                                                                                   ^
  230 |                                             </Badge>
  231 |                                             {p.includes_stipend && (
  232 |                                                 <Badge variant="secondary" className="bg-blue-50 text-blue-700 dark:bg-blue-900/20 dark:text-blue-400 font-medium"> {
  code: 'MISSING_MESSAGE',
  originalMessage: 'Could not resolve `Scholarships.search.coverage` in messages for locale `en`.'
}
 GET /en/scholarships 200 in 4.1s (compile: 6ms, proxy.ts: 126ms, render: 3.9s)
 GET /sw.js 404 in 65ms (compile: 7ms, render: 58ms)
Universities Debug: [
  {
    name: 'Zhejiang University of Finance and Economics',
    cover: undefined
  },
  {
    name: 'Zhongnan University of Economics and Law',
    cover: undefined
  },
  { name: 'Wenzhou Medical University', cover: undefined },
  { name: 'Changzhou University', cover: undefined },
  { name: 'University of Nottingham Ningbo China', cover: undefined },
  {
    name: 'Shanghai Lixin University of Accounting and Finance ',
    cover: undefined
  },
  {
    name: 'Shanghai University-SILC BUSINESS SCHOOL',
    cover: undefined
  },
  { name: 'Lishui University', cover: undefined }
]
 GET /en/admin/programs 200 in 14.0s (compile: 12ms, proxy.ts: 540ms, render: 13.4s)
 POST /en/admin/programs 200 in 245ms (compile: 8ms, proxy.ts: 230ms, render: 7ms)
 POST /en/admin/programs 200 in 655ms (compile: 8ms, proxy.ts: 323ms, render: 323ms)
 GET /sw.js 404 in 78ms (compile: 14ms, render: 64ms)
Universities Debug: [
  {
    name: 'Zhejiang University of Finance and Economics',
    cover: undefined
  },
  {
    name: 'Zhongnan University of Economics and Law',
    cover: undefined
  },
  { name: 'Wenzhou Medical University', cover: undefined },
  { name: 'Changzhou University', cover: undefined },
  { name: 'University of Nottingham Ningbo China', cover: undefined },
  {
    name: 'Shanghai Lixin University of Accounting and Finance ',
    cover: undefined
  },
  {
    name: 'Shanghai University-SILC BUSINESS SCHOOL',
    cover: undefined
  },
  { name: 'Lishui University', cover: undefined }
]
 GET /en/admin/scholarships 200 in 985ms (compile: 575ms, proxy.ts: 194ms, render: 217ms)
 POST /en/admin/scholarships 200 in 208ms (compile: 7ms, proxy.ts: 193ms, render: 8ms)
 POST /en/admin/scholarships 200 in 492ms (compile: 4ms, proxy.ts: 198ms, render: 290ms)
 GET /sw.js 404 in 57ms (compile: 5ms, render: 52ms)
Universities Debug: [
  {
    name: 'Zhejiang University of Finance and Economics',
    cover: undefined
  },
  {
    name: 'Zhongnan University of Economics and Law',
    cover: undefined
  },
  { name: 'Wenzhou Medical University', cover: undefined },
  { name: 'Changzhou University', cover: undefined },
  { name: 'University of Nottingham Ningbo China', cover: undefined },
  {
    name: 'Shanghai Lixin University of Accounting and Finance ',
    cover: undefined
  },
  {
    name: 'Shanghai University-SILC BUSINESS SCHOOL',
    cover: undefined
  },
  { name: 'Lishui University', cover: undefined }
]
 GET /en/admin/universities 200 in 606ms (compile: 13ms, proxy.ts: 268ms, render: 324ms)
 POST /en/admin/universities 200 in 269ms (compile: 6ms, proxy.ts: 256ms, render: 7ms)
 POST /en/admin/universities 200 in 467ms (compile: 4ms, proxy.ts: 180ms, render: 284ms)
 GET /sw.js 404 in 53ms (compile: 6ms, render: 48ms)
Universities Debug: [
  {
    name: 'Zhejiang University of Finance and Economics',
    cover: undefined
  },
  {
    name: 'Zhongnan University of Economics and Law',
    cover: undefined
  },
  { name: 'Wenzhou Medical University', cover: undefined },
  { name: 'Changzhou University', cover: undefined },
  { name: 'University of Nottingham Ningbo China', cover: undefined },
  {
    name: 'Shanghai Lixin University of Accounting and Finance ',
    cover: undefined
  },
  {
    name: 'Shanghai University-SILC BUSINESS SCHOOL',
    cover: undefined
  },
  { name: 'Lishui University', cover: undefined }
]
 GET /en/admin/universities/f7d46033-6611-4eff-9c78-d7950e6dcad8/scholarships 200 in 444ms (compile: 14ms, proxy.ts: 177ms, render: 254ms)
 POST /en/admin/universities/f7d46033-6611-4eff-9c78-d7950e6dcad8/scholarships 200 in 228ms (compile: 5ms, proxy.ts: 216ms, render: 6ms)
 POST /en/admin/universities/f7d46033-6611-4eff-9c78-d7950e6dcad8/scholarships 200 in 473ms (compile: 6ms, proxy.ts: 185ms, render: 282ms)
 GET /en/admin/universities/f7d46033-6611-4eff-9c78-d7950e6dcad8/scholarships/c8914d50-6323-45ee-9c99-a044563772a0 200 in 276ms (compile: 7ms, proxy.ts: 253ms, render: 16ms)
 POST /en/admin/universities/f7d46033-6611-4eff-9c78-d7950e6dcad8/scholarships/c8914d50-6323-45ee-9c99-a044563772a0 200 in 268ms (compile: 5ms, proxy.ts: 256ms, render: 8ms)
 POST /en/admin/universities/f7d46033-6611-4eff-9c78-d7950e6dcad8/scholarships/c8914d50-6323-45ee-9c99-a044563772a0 200 in 513ms (compile: 6ms, proxy.ts: 199ms, render: 308ms)
 GET /en/admin/universities/c329528d-0e42-45e0-810a-6617a2305523/scholarships 200 in 461ms (compile: 6ms, proxy.ts: 223ms, render: 232ms)
 POST /en/admin/universities/c329528d-0e42-45e0-810a-6617a2305523/scholarships 200 in 211ms (compile: 8ms, proxy.ts: 190ms, render: 13ms)
 POST /en/admin/universities/c329528d-0e42-45e0-810a-6617a2305523/scholarships 200 in 480ms (compile: 4ms, proxy.ts: 190ms, render: 285ms)
 GET /sw.js 404 in 63ms (compile: 8ms, render: 55ms)
Universities Debug: [
  {
    name: 'Zhejiang University of Finance and Economics',
    cover: undefined
  },
  {
    name: 'Zhongnan University of Economics and Law',
    cover: undefined
  },
  { name: 'Wenzhou Medical University', cover: undefined },
  { name: 'Changzhou University', cover: undefined },
  { name: 'University of Nottingham Ningbo China', cover: undefined },
  {
    name: 'Shanghai Lixin University of Accounting and Finance ',
    cover: undefined
  },
  {
    name: 'Shanghai University-SILC BUSINESS SCHOOL',
    cover: undefined
  },
  { name: 'Lishui University', cover: undefined }
]
 GET /en/admin/universities 200 in 552ms (compile: 6ms, proxy.ts: 215ms, render: 332ms)
 POST /en/admin/universities 200 in 222ms (compile: 7ms, proxy.ts: 210ms, render: 5ms)
 POST /en/admin/universities 200 in 612ms (compile: 6ms, proxy.ts: 330ms, render: 275ms)
 GET /sw.js 404 in 53ms (compile: 6ms, render: 47ms)
Universities Debug: [
  {
    name: 'Zhejiang University of Finance and Economics',
    cover: undefined
  },
  {
    name: 'Zhongnan University of Economics and Law',
    cover: undefined
  },
  { name: 'Wenzhou Medical University', cover: undefined },
  { name: 'Changzhou University', cover: undefined },
  { name: 'University of Nottingham Ningbo China', cover: undefined },
  {
    name: 'Shanghai Lixin University of Accounting and Finance ',
    cover: undefined
  },
  {
    name: 'Shanghai University-SILC BUSINESS SCHOOL',
    cover: undefined
  },
  { name: 'Lishui University', cover: undefined }
]
 GET /en/admin/universities?page=2 200 in 367ms (compile: 5ms, proxy.ts: 213ms, render: 149ms)
 GET /en/admin/universities?page=3 200 in 552ms (compile: 6ms, proxy.ts: 370ms, render: 176ms)
 GET /en/admin/universities?page=3&search=Northwestern 200 in 383ms (compile: 6ms, proxy.ts: 232ms, render: 145ms)
 GET /en/admin/universities?page=1 200 in 548ms (compile: 6ms, proxy.ts: 238ms, render: 305ms)
 POST /en/admin/universities?page=1 200 in 214ms (compile: 8ms, proxy.ts: 196ms, render: 10ms)
 POST /en/admin/universities?page=1 200 in 482ms (compile: 4ms, proxy.ts: 190ms, render: 288ms)
 GET /sw.js 404 in 58ms (compile: 5ms, render: 52ms)
Universities Debug: [
  {
    name: 'Zhejiang University of Finance and Economics',
    cover: undefined
  },
  {
    name: 'Zhongnan University of Economics and Law',
    cover: undefined
  },
  { name: 'Wenzhou Medical University', cover: undefined },
  { name: 'Changzhou University', cover: undefined },
  { name: 'University of Nottingham Ningbo China', cover: undefined },
  {
    name: 'Shanghai Lixin University of Accounting and Finance ',
    cover: undefined
  },
  {
    name: 'Shanghai University-SILC BUSINESS SCHOOL',
    cover: undefined
  },
  { name: 'Lishui University', cover: undefined }
]
 GET /en/admin/universities?search=Northwestern+Polytechnical+University 200 in 436ms (compile: 7ms, proxy.ts: 207ms, render: 222ms)
 POST /en/admin/universities?search=Northwestern+Polytechnical+University 200 in 196ms (compile: 7ms, proxy.ts: 183ms, render: 5ms)
 POST /en/admin/universities?search=Northwestern+Polytechnical+University 200 in 461ms (compile: 5ms, proxy.ts: 184ms, render: 273ms)
 GET /sw.js 404 in 61ms (compile: 8ms, render: 53ms)
Universities Debug: [
  {
    name: 'Zhejiang University of Finance and Economics',
    cover: undefined
  },
  {
    name: 'Zhongnan University of Economics and Law',
    cover: undefined
  },
  { name: 'Wenzhou Medical University', cover: undefined },
  { name: 'Changzhou University', cover: undefined },
  { name: 'University of Nottingham Ningbo China', cover: undefined },
  {
    name: 'Shanghai Lixin University of Accounting and Finance ',
    cover: undefined
  },
  {
    name: 'Shanghai University-SILC BUSINESS SCHOOL',
    cover: undefined
  },
  { name: 'Lishui University', cover: undefined }
]
 POST /en/admin/universities/ec76a177-f351-4936-a7e1-30853b3eefe3/scholarships 200 in 235ms (compile: 6ms, proxy.ts: 222ms, render: 7ms)
 GET /en/admin/universities/ec76a177-f351-4936-a7e1-30853b3eefe3/scholarships 200 in 513ms (compile: 7ms, proxy.ts: 194ms, render: 311ms)
 POST /en/admin/universities/ec76a177-f351-4936-a7e1-30853b3eefe3/scholarships 200 in 478ms (compile: 6ms, proxy.ts: 183ms, render: 288ms)
 GET /en/admin/universities/ec76a177-f351-4936-a7e1-30853b3eefe3/scholarships/new 200 in 207ms (compile: 6ms, proxy.ts: 187ms, render: 14ms)
 POST /en/admin/universities/ec76a177-f351-4936-a7e1-30853b3eefe3/scholarships/new 200 in 199ms (compile: 4ms, proxy.ts: 189ms, render: 6ms)
 POST /en/admin/universities/ec76a177-f351-4936-a7e1-30853b3eefe3/scholarships/new 200 in 481ms (compile: 6ms, proxy.ts: 194ms, render: 280ms)
 GET /en/admin/programs?search=Design+Science 200 in 16.2s (compile: 6ms, proxy.ts: 354ms, render: 15.9s)
 POST /en/admin/programs?search=Design+Science 200 in 241ms (compile: 8ms, proxy.ts: 227ms, render: 6ms)
 POST /en/admin/programs?search=Design+Science 200 in 457ms (compile: 7ms, proxy.ts: 179ms, render: 271ms)
 GET /sw.js 404 in 57ms (compile: 6ms, render: 51ms)
Universities Debug: [
  {
    name: 'Zhejiang University of Finance and Economics',
    cover: undefined
  },
  {
    name: 'Zhongnan University of Economics and Law',
    cover: undefined
  },
  { name: 'Wenzhou Medical University', cover: undefined },
  { name: 'Changzhou University', cover: undefined },
  { name: 'University of Nottingham Ningbo China', cover: undefined },
  {
    name: 'Shanghai Lixin University of Accounting and Finance ',
    cover: undefined
  },
  {
    name: 'Shanghai University-SILC BUSINESS SCHOOL',
    cover: undefined
  },
  { name: 'Lishui University', cover: undefined }
]
 POST /en/admin/programs?search=Design+Science 200 in 2.6s (compile: 7ms, proxy.ts: 237ms, render: 2.4s)
 GET /en/admin/universities/c329528d-0e42-45e0-810a-6617a2305523/scholarships 200 in 392ms (compile: 6ms, proxy.ts: 217ms, render: 169ms)
 POST /en/admin/universities/c329528d-0e42-45e0-810a-6617a2305523/scholarships 200 in 197ms (compile: 8ms, proxy.ts: 182ms, render: 7ms)
 POST /en/admin/universities/c329528d-0e42-45e0-810a-6617a2305523/scholarships 200 in 701ms (compile: 4ms, proxy.ts: 179ms, render: 519ms)
 GET /sw.js 404 in 51ms (compile: 6ms, render: 45ms)
Universities Debug: [
  {
    name: 'Zhejiang University of Finance and Economics',
    cover: undefined
  },
  {
    name: 'Zhongnan University of Economics and Law',
    cover: undefined
  },
  { name: 'Wenzhou Medical University', cover: undefined },
  { name: 'Changzhou University', cover: undefined },
  { name: 'University of Nottingham Ningbo China', cover: undefined },
  {
    name: 'Shanghai Lixin University of Accounting and Finance ',
    cover: undefined
  },
  {
    name: 'Shanghai University-SILC BUSINESS SCHOOL',
    cover: undefined
  },
  { name: 'Lishui University', cover: undefined }
]
 GET /en/admin/universities?search=Huazhong+University+of+Science+and+Technology 200 in 1131ms (compile: 6ms, proxy.ts: 507ms, render: 618ms)
 POST /en/admin/universities?search=Huazhong+University+of+Science+and+Technology 200 in 347ms (compile: 6ms, proxy.ts: 335ms, render: 7ms)
 POST /en/admin/universities?search=Huazhong+University+of+Science+and+Technology 200 in 1205ms (compile: 6ms, proxy.ts: 409ms, render: 790ms)
 GET /sw.js 404 in 59ms (compile: 7ms, render: 52ms)
Universities Debug: [
  {
    name: 'Zhejiang University of Finance and Economics',
    cover: undefined
  },
  {
    name: 'Zhongnan University of Economics and Law',
    cover: undefined
  },
  { name: 'Wenzhou Medical University', cover: undefined },
  { name: 'Changzhou University', cover: undefined },
  { name: 'University of Nottingham Ningbo China', cover: undefined },
  {
    name: 'Shanghai Lixin University of Accounting and Finance ',
    cover: undefined
  },
  {
    name: 'Shanghai University-SILC BUSINESS SCHOOL',
    cover: undefined
  },
  { name: 'Lishui University', cover: undefined }
]
 GET /en/admin/universities?search=Huazhong+University+of+Science+and+Technology 200 in 508ms (compile: 6ms, proxy.ts: 265ms, render: 237ms)
 POST /en/admin/universities?search=Huazhong+University+of+Science+and+Technology 200 in 202ms (compile: 5ms, proxy.ts: 191ms, render: 5ms)
 POST /en/admin/universities?search=Huazhong+University+of+Science+and+Technology 200 in 506ms (compile: 4ms, proxy.ts: 202ms, render: 299ms)
 GET /sw.js 404 in 61ms (compile: 7ms, render: 54ms)
Universities Debug: [
  {
    name: 'Zhejiang University of Finance and Economics',
    cover: undefined
  },
  {
    name: 'Zhongnan University of Economics and Law',
    cover: undefined
  },
  { name: 'Wenzhou Medical University', cover: undefined },
  { name: 'Changzhou University', cover: undefined },
  { name: 'University of Nottingham Ningbo China', cover: undefined },
  {
    name: 'Shanghai Lixin University of Accounting and Finance ',
    cover: undefined
  },
  {
    name: 'Shanghai University-SILC BUSINESS SCHOOL',
    cover: undefined
  },
  { name: 'Lishui University', cover: undefined }
]
TOTAL RAW: 5042 POPULAR RAW: 31 POPULAR FINAL: 1
Error: MISSING_MESSAGE: Could not resolve `Scholarships.search.coverage` in messages for locale `en`.
    at <unknown> (src/app/[locale]/(public)/scholarships/page.tsx:229:83)
    at Array.map (<anonymous>)
    at ScholarshipsPage (src/app/[locale]/(public)/scholarships/page.tsx:207:46)
  227 |                                         <div className="flex flex-wrap gap-2">
  228 |                                             <Badge variant="secondary" className="bg-emerald-50 text-emerald-700 dark:bg-emerald-900/20 dark:text-emerald-400 font-medium">
> 229 |                                                 {p.tuition_coverage_percentage}% {t('search.coverage', { fallback: 'Tuition' })}
      |                                                                                   ^
  230 |                                             </Badge>
  231 |                                             {p.includes_stipend && (
  232 |                                                 <Badge variant="secondary" className="bg-blue-50 text-blue-700 dark:bg-blue-900/20 dark:text-blue-400 font-medium"> {
  code: 'MISSING_MESSAGE',
  originalMessage: 'Could not resolve `Scholarships.search.coverage` in messages for locale `en`.'
}
 GET /en/scholarships 200 in 4.4s (compile: 6ms, proxy.ts: 196ms, render: 4.2s)
 GET /sw.js 404 in 57ms (compile: 6ms, render: 52ms)
Universities Debug: [
  {
    name: 'Zhejiang University of Finance and Economics',
    cover: undefined
  },
  {
    name: 'Zhongnan University of Economics and Law',
    cover: undefined
  },
  { name: 'Wenzhou Medical University', cover: undefined },
  { name: 'Changzhou University', cover: undefined },
  { name: 'University of Nottingham Ningbo China', cover: undefined },
  {
    name: 'Shanghai Lixin University of Accounting and Finance ',
    cover: undefined
  },
  {
    name: 'Shanghai University-SILC BUSINESS SCHOOL',
    cover: undefined
  },
  { name: 'Lishui University', cover: undefined }
]
 GET /en/admin/universities?search=Beijing+Institute+of+Technology 200 in 438ms (compile: 7ms, proxy.ts: 224ms, render: 207ms)
 POST /en/admin/universities?search=Beijing+Institute+of+Technology 200 in 201ms (compile: 5ms, proxy.ts: 190ms, render: 6ms)
 POST /en/admin/universities?search=Beijing+Institute+of+Technology 200 in 495ms (compile: 4ms, proxy.ts: 201ms, render: 290ms)
 GET /sw.js 404 in 45ms (compile: 4ms, render: 41ms)
Universities Debug: [
  {
    name: 'Zhejiang University of Finance and Economics',
    cover: undefined
  },
  {
    name: 'Zhongnan University of Economics and Law',
    cover: undefined
  },
  { name: 'Wenzhou Medical University', cover: undefined },
  { name: 'Changzhou University', cover: undefined },
  { name: 'University of Nottingham Ningbo China', cover: undefined },
  {
    name: 'Shanghai Lixin University of Accounting and Finance ',
    cover: undefined
  },
  {
    name: 'Shanghai University-SILC BUSINESS SCHOOL',
    cover: undefined
  },
  { name: 'Lishui University', cover: undefined }
]
 GET /en/admin/universities/40c33bf3-f966-4bb6-a985-c39b7dcf1b8b/scholarships 200 in 466ms (compile: 6ms, proxy.ts: 192ms, render: 267ms)
 POST /en/admin/universities/40c33bf3-f966-4bb6-a985-c39b7dcf1b8b/scholarships 200 in 218ms (compile: 4ms, proxy.ts: 208ms, render: 7ms)
 POST /en/admin/universities/40c33bf3-f966-4bb6-a985-c39b7dcf1b8b/scholarships 200 in 469ms (compile: 6ms, proxy.ts: 192ms, render: 271ms)
 GET /en/admin/universities/40c33bf3-f966-4bb6-a985-c39b7dcf1b8b/scholarships/ad51ad38-b4f9-4ed1-a760-0ee03f3ce582 200 in 229ms (compile: 7ms, proxy.ts: 206ms, render: 17ms)
 POST /en/admin/universities/40c33bf3-f966-4bb6-a985-c39b7dcf1b8b/scholarships/ad51ad38-b4f9-4ed1-a760-0ee03f3ce582 200 in 328ms (compile: 6ms, proxy.ts: 316ms, render: 6ms)
 POST /en/admin/universities/40c33bf3-f966-4bb6-a985-c39b7dcf1b8b/scholarships/ad51ad38-b4f9-4ed1-a760-0ee03f3ce582 200 in 519ms (compile: 4ms, proxy.ts: 205ms, render: 310ms)
 GET /en/admin/universities/40c33bf3-f966-4bb6-a985-c39b7dcf1b8b/scholarships/ad51ad38-b4f9-4ed1-a760-0ee03f3ce582 200 in 112s (compile: 3.8s, proxy.ts: 8.0s, render: 100s)
 GET /en/admin/universities/40c33bf3-f966-4bb6-a985-c39b7dcf1b8b/scholarships 200 in 109s (compile: 16.2s, proxy.ts: 62s, render: 30.9s)
 POST /en/admin/universities/40c33bf3-f966-4bb6-a985-c39b7dcf1b8b/scholarships 200 in 6.3s (compile: 880ms, proxy.ts: 4.2s, render: 1222ms)
 POST /en/admin/universities/40c33bf3-f966-4bb6-a985-c39b7dcf1b8b/scholarships 200 in 5.8s (compile: 582ms, proxy.ts: 1051ms, render: 4.1s)
 GET /en/admin/programs?search=International+Economics+and+Trade 200 in 41s (compile: 10ms, proxy.ts: 261ms, render: 41s)
 POST /en/admin/programs?search=International+Economics+and+Trade 200 in 321ms (compile: 11ms, proxy.ts: 295ms, render: 14ms)
 POST /en/admin/programs?search=International+Economics+and+Trade 200 in 638ms (compile: 7ms, proxy.ts: 263ms, render: 368ms)
 GET /sw.js 404 in 151ms (compile: 12ms, render: 139ms)
Universities Debug: [
  {
    name: 'Zhejiang University of Finance and Economics',
    cover: undefined
  },
  {
    name: 'Zhongnan University of Economics and Law',
    cover: undefined
  },
  { name: 'Wenzhou Medical University', cover: undefined },
  { name: 'Changzhou University', cover: undefined },
  { name: 'University of Nottingham Ningbo China', cover: undefined },
  {
    name: 'Shanghai Lixin University of Accounting and Finance ',
    cover: undefined
  },
  {
    name: 'Shanghai University-SILC BUSINESS SCHOOL',
    cover: undefined
  },
  { name: 'Lishui University', cover: undefined }
]
 GET /en/admin/universities?search=Huazhong 200 in 689ms (compile: 10ms, proxy.ts: 336ms, render: 343ms)
 POST /en/admin/universities?search=Huazhong 200 in 236ms (compile: 7ms, proxy.ts: 222ms, render: 7ms)
 POST /en/admin/universities?search=Huazhong 200 in 500ms (compile: 6ms, proxy.ts: 199ms, render: 296ms)
 GET /sw.js 404 in 2.4s (compile: 20ms, render: 2.4s)
Universities Debug: [
  {
    name: 'Zhejiang University of Finance and Economics',
    cover: undefined
  },
  {
    name: 'Zhongnan University of Economics and Law',
    cover: undefined
  },
  { name: 'Wenzhou Medical University', cover: undefined },
  { name: 'Changzhou University', cover: undefined },
  { name: 'University of Nottingham Ningbo China', cover: undefined },
  {
    name: 'Shanghai Lixin University of Accounting and Finance ',
    cover: undefined
  },
  {
    name: 'Shanghai University-SILC BUSINESS SCHOOL',
    cover: undefined
  },
  { name: 'Lishui University', cover: undefined }
]
 POST /en/admin/universities/951ac24e-acf2-4980-898c-3301b4ba6102/scholarships 200 in 35.5s (compile: 7.6s, proxy.ts: 22.0s, render: 5.9s)
 GET /en/admin/universities/951ac24e-acf2-4980-898c-3301b4ba6102/scholarships 200 in 76s (compile: 3.8s, proxy.ts: 4.7s, render: 68s)
 POST /en/admin/universities/951ac24e-acf2-4980-898c-3301b4ba6102/scholarships 200 in 14.8s (compile: 2.2s, proxy.ts: 10.5s, render: 2.2s)
 GET /en/admin/universities/951ac24e-acf2-4980-898c-3301b4ba6102/scholarships/new 200 in 217ms (compile: 7ms, proxy.ts: 190ms, render: 20ms)
 POST /en/admin/universities/951ac24e-acf2-4980-898c-3301b4ba6102/scholarships/new 200 in 290ms (compile: 6ms, proxy.ts: 277ms, render: 8ms)
 POST /en/admin/universities/951ac24e-acf2-4980-898c-3301b4ba6102/scholarships/new 200 in 515ms (compile: 6ms, proxy.ts: 190ms, render: 319ms)
 ✓ Compiled in 228ms
 ✓ Compiled in 92ms
 ✓ Compiled in 136ms
 GET /en/admin/universities/f7d46033-6611-4eff-9c78-d7950e6dcad8/scholarships/0819eb6c-2c47-4d81-8867-19b8e3b278f8 200 in 1181ms (compile: 45ms, proxy.ts: 756ms, render: 380ms)
 GET /en/admin/universities/951ac24e-acf2-4980-898c-3301b4ba6102/scholarships/new 200 in 1184ms (compile: 21ms, proxy.ts: 757ms, render: 406ms)
 GET /en/programs?level=bachelor 200 in 1454ms (compile: 139ms, proxy.ts: 472ms, render: 843ms)
TOTAL RAW: 5012 POPULAR RAW: 1 POPULAR FINAL: 1
Error: MISSING_MESSAGE: Could not resolve `Scholarships.search.coverage` in messages for locale `en`.
    at <unknown> (src/app/[locale]/(public)/scholarships/page.tsx:229:83)
    at Array.map (<anonymous>)
    at ScholarshipsPage (src/app/[locale]/(public)/scholarships/page.tsx:207:46)
  227 |                                         <div className="flex flex-wrap gap-2">
  228 |                                             <Badge variant="secondary" className="bg-emerald-50 text-emerald-700 dark:bg-emerald-900/20 dark:text-emerald-400 font-medium">
> 229 |                                                 {p.tuition_coverage_percentage}% {t('search.coverage', { fallback: 'Tuition' })}
      |                                                                                   ^
  230 |                                             </Badge>
  231 |                                             {p.includes_stipend && (
  232 |                                                 <Badge variant="secondary" className="bg-blue-50 text-blue-700 dark:bg-blue-900/20 dark:text-blue-400 font-medium"> {
  code: 'MISSING_MESSAGE',
  originalMessage: 'Could not resolve `Scholarships.search.coverage` in messages for locale `en`.'
}
 GET /en/scholarships 200 in 3.5s (compile: 88ms, proxy.ts: 118ms, render: 3.3s)
 ✓ Compiled in 162ms
 GET /en/programs 200 in 1277ms (compile: 117ms, proxy.ts: 257ms, render: 903ms)
 GET /sw.js 404 in 87ms (compile: 14ms, render: 73ms)
Universities Debug: [
  {
    name: 'Zhejiang University of Finance and Economics',
    cover: undefined
  },
  {
    name: 'Zhongnan University of Economics and Law',
    cover: undefined
  },
  { name: 'Wenzhou Medical University', cover: undefined },
  { name: 'Changzhou University', cover: undefined },
  { name: 'University of Nottingham Ningbo China', cover: undefined },
  {
    name: 'Shanghai Lixin University of Accounting and Finance ',
    cover: undefined
  },
  {
    name: 'Shanghai University-SILC BUSINESS SCHOOL',
    cover: undefined
  },
  { name: 'Lishui University', cover: undefined }
]
 GET /en/programs?level=bachelor 200 in 1812ms (compile: 7ms, proxy.ts: 678ms, render: 1127ms)
 GET /en/programs?level=bachelor 200 in 1389ms (compile: 14ms, proxy.ts: 654ms, render: 720ms)
 GET /en/programs?level=bachelor 200 in 1482ms (compile: 6ms, proxy.ts: 287ms, render: 1189ms)
 GET /en/programs?level=bachelor 200 in 1024ms (compile: 13ms, proxy.ts: 274ms, render: 737ms)
 ✓ Compiled in 128ms
 ⨯ ReferenceError: Label is not defined
    at ProgramsClient (src/components/programs/ProgramsClientContent.tsx:482:38)
  480 |                                 
  481 |                                 <div className="mt-6 pt-6 border-t flex flex-col gap-3">
> 482 |                                     <Label className="text-sm font-medium">{t('filters.quickAccess') || 'Quick Toggles'}</Label>
      |                                      ^
  483 |                                     <button
  484 |                                         onClick={() => setFilters(prev => ({ ...prev, scholarship: !prev.scholarship }))}
  485 |                                         className={` {
  digest: '3778430499'
}
 GET /en/programs 200 in 1402ms (compile: 83ms, proxy.ts: 469ms, render: 849ms)
 GET /sw.js 404 in 50ms (compile: 8ms, render: 42ms)
Universities Debug: [
  {
    name: 'Zhejiang University of Finance and Economics',
    cover: undefined
  },
  {
    name: 'Zhongnan University of Economics and Law',
    cover: undefined
  },
  { name: 'Wenzhou Medical University', cover: undefined },
  { name: 'Changzhou University', cover: undefined },
  { name: 'University of Nottingham Ningbo China', cover: undefined },
  {
    name: 'Shanghai Lixin University of Accounting and Finance ',
    cover: undefined
  },
  {
    name: 'Shanghai University-SILC BUSINESS SCHOOL',
    cover: undefined
  },
  { name: 'Lishui University', cover: undefined }
]
 ⨯ ReferenceError: Label is not defined
    at ProgramsClient (src/components/programs/ProgramsClientContent.tsx:482:38)
  480 |                                 
  481 |                                 <div className="mt-6 pt-6 border-t flex flex-col gap-3">
> 482 |                                     <Label className="text-sm font-medium">{t('filters.quickAccess') || 'Quick Toggles'}</Label>
      |                                      ^
  483 |                                     <button
  484 |                                         onClick={() => setFilters(prev => ({ ...prev, scholarship: !prev.scholarship }))}
  485 |                                         className={` {
  digest: '3778430499'
}
 GET /en/programs 200 in 691ms (compile: 9ms, proxy.ts: 129ms, render: 553ms)
 GET /sw.js 404 in 60ms (compile: 7ms, render: 52ms)
Universities Debug: [
  {
    name: 'Zhejiang University of Finance and Economics',
    cover: undefined
  },
  {
    name: 'Zhongnan University of Economics and Law',
    cover: undefined
  },
  { name: 'Wenzhou Medical University', cover: undefined },
  { name: 'Changzhou University', cover: undefined },
  { name: 'University of Nottingham Ningbo China', cover: undefined },
  {
    name: 'Shanghai Lixin University of Accounting and Finance ',
    cover: undefined
  },
  {
    name: 'Shanghai University-SILC BUSINESS SCHOOL',
    cover: undefined
  },
  { name: 'Lishui University', cover: undefined }
]
Universities Debug: [
  {
    name: 'Zhejiang University of Finance and Economics',
    cover: undefined
  },
  {
    name: 'Zhongnan University of Economics and Law',
    cover: undefined
  },
  { name: 'Wenzhou Medical University', cover: undefined },
  { name: 'Changzhou University', cover: undefined },
  { name: 'University of Nottingham Ningbo China', cover: undefined },
  {
    name: 'Shanghai Lixin University of Accounting and Finance ',
    cover: undefined
  },
  {
    name: 'Shanghai University-SILC BUSINESS SCHOOL',
    cover: undefined
  },
  { name: 'Lishui University', cover: undefined }
]
 GET /en 200 in 1894ms (compile: 7ms, proxy.ts: 154ms, render: 1733ms)
 GET /sw.js 404 in 47ms (compile: 5ms, render: 42ms)
Universities Debug: [
  {
    name: 'Zhejiang University of Finance and Economics',
    cover: undefined
  },
  {
    name: 'Zhongnan University of Economics and Law',
    cover: undefined
  },
  { name: 'Wenzhou Medical University', cover: undefined },
  { name: 'Changzhou University', cover: undefined },
  { name: 'University of Nottingham Ningbo China', cover: undefined },
  {
    name: 'Shanghai Lixin University of Accounting and Finance ',
    cover: undefined
  },
  {
    name: 'Shanghai University-SILC BUSINESS SCHOOL',
    cover: undefined
  },
  { name: 'Lishui University', cover: undefined }
]
 ⨯ ReferenceError: Label is not defined
    at ProgramsClient (src/components/programs/ProgramsClientContent.tsx:482:38)
  480 |                                 
  481 |                                 <div className="mt-6 pt-6 border-t flex flex-col gap-3">
> 482 |                                     <Label className="text-sm font-medium">{t('filters.quickAccess') || 'Quick Toggles'}</Label>
      |                                      ^
  483 |                                     <button
  484 |                                         onClick={() => setFilters(prev => ({ ...prev, scholarship: !prev.scholarship }))}
  485 |                                         className={` {
  digest: '3778430499'
}
 GET /en/programs 200 in 702ms (compile: 5ms, proxy.ts: 109ms, render: 588ms)
 GET /sw.js 404 in 60ms (compile: 7ms, render: 53ms)
Universities Debug: [
  {
    name: 'Zhejiang University of Finance and Economics',
    cover: undefined
  },
  {
    name: 'Zhongnan University of Economics and Law',
    cover: undefined
  },
  { name: 'Wenzhou Medical University', cover: undefined },
  { name: 'Changzhou University', cover: undefined },
  { name: 'University of Nottingham Ningbo China', cover: undefined },
  {
    name: 'Shanghai Lixin University of Accounting and Finance ',
    cover: undefined
  },
  {
    name: 'Shanghai University-SILC BUSINESS SCHOOL',
    cover: undefined
  },
  { name: 'Lishui University', cover: undefined }
]
 ✓ Compiled in 105ms
Error: MISSING_MESSAGE: Could not resolve `Programs.filters.quickAccess` in messages for locale `en`.
    at ProgramsClient (src/components/programs/ProgramsClientContent.tsx:483:77)
  481 |                                 
  482 |                                 <div className="mt-6 pt-6 border-t flex flex-col gap-3">
> 483 |                                     <Label className="text-sm font-medium">{t('filters.quickAccess') || 'Quick Toggles'}</Label>
      |                                                                             ^
  484 |                                     <button
  485 |                                         onClick={() => setFilters(prev => ({ ...prev, scholarship: !prev.scholarship }))}
  486 |                                         className={` {
  code: 'MISSING_MESSAGE',
  originalMessage: 'Could not resolve `Programs.filters.quickAccess` in messages for locale `en`.'
}
 GET /en/programs 200 in 1091ms (compile: 89ms, proxy.ts: 131ms, render: 871ms)
 GET /sw.js 404 in 51ms (compile: 5ms, render: 46ms)
Universities Debug: [
  {
    name: 'Zhejiang University of Finance and Economics',
    cover: undefined
  },
  {
    name: 'Zhongnan University of Economics and Law',
    cover: undefined
  },
  { name: 'Wenzhou Medical University', cover: undefined },
  { name: 'Changzhou University', cover: undefined },
  { name: 'University of Nottingham Ningbo China', cover: undefined },
  {
    name: 'Shanghai Lixin University of Accounting and Finance ',
    cover: undefined
  },
  {
    name: 'Shanghai University-SILC BUSINESS SCHOOL',
    cover: undefined
  },
  { name: 'Lishui University', cover: undefined }
]
 ✓ Compiled in 148ms
 ✓ Compiled in 206ms
 ✓ Compiled in 106ms
 GET /en/programs 200 in 1463ms (compile: 93ms, proxy.ts: 443ms, render: 927ms)
 GET /sw.js 404 in 76ms (compile: 19ms, render: 57ms)
Universities Debug: [
  {
    name: 'Zhejiang University of Finance and Economics',
    cover: undefined
  },
  {
    name: 'Zhongnan University of Economics and Law',
    cover: undefined
  },
  { name: 'Wenzhou Medical University', cover: undefined },
  { name: 'Changzhou University', cover: undefined },
  { name: 'University of Nottingham Ningbo China', cover: undefined },
  {
    name: 'Shanghai Lixin University of Accounting and Finance ',
    cover: undefined
  },
  {
    name: 'Shanghai University-SILC BUSINESS SCHOOL',
    cover: undefined
  },
  { name: 'Lishui University', cover: undefined }
]
 ⨯ ReferenceError: overrideResult is not defined
    at ProgramDetailPage (src/app/[locale]/(public)/programs/[slug]/page.tsx:128:30)
  126 |     const university = universityResult.data;
  127 |     const accommodationTypes = accommodationResult.data;
> 128 |     const programOverrides = overrideResult.data;
      |                              ^
  129 |
  130 |     // Fetch requirements - check if program has custom requirements
  131 |     let requirements; {
  digest: '792167094'
}
 GET /en/programs/urban-management-zhejiang-university-of-finance-and-economics 200 in 1597ms (compile: 890ms, proxy.ts: 116ms, render: 592ms)
 ✓ Compiled in 94ms
 ✓ Compiled in 165ms
 ✓ Compiled in 17ms
 ✓ Compiled in 92ms
 ✓ Compiled in 145ms
 GET /en/admin/universities/f7d46033-6611-4eff-9c78-d7950e6dcad8/scholarships/0819eb6c-2c47-4d81-8867-19b8e3b278f8 200 in 1275ms (compile: 61ms, proxy.ts: 884ms, render: 330ms)
 GET /en/admin/universities/951ac24e-acf2-4980-898c-3301b4ba6102/scholarships/new 200 in 1278ms (compile: 120ms, proxy.ts: 883ms, render: 274ms)
 GET /en/programs 200 in 1277ms (compile: 213ms, proxy.ts: 533ms, render: 530ms)
 GET /en/programs?level=bachelor 200 in 1278ms (compile: 301ms, proxy.ts: 546ms, render: 432ms)
 GET /en/programs 200 in 468ms (compile: 8ms, proxy.ts: 144ms, render: 316ms)
 ✓ Compiled in 263ms
TOTAL RAW: 5012 POPULAR RAW: 1 POPULAR FINAL: 1
Error: MISSING_MESSAGE: Could not resolve `Scholarships.search.coverage` in messages for locale `en`.
    at <unknown> (src/app/[locale]/(public)/scholarships/page.tsx:229:83)
    at Array.map (<anonymous>)
    at ScholarshipsPage (src/app/[locale]/(public)/scholarships/page.tsx:207:46)
  227 |                                         <div className="flex flex-wrap gap-2">
  228 |                                             <Badge variant="secondary" className="bg-emerald-50 text-emerald-700 dark:bg-emerald-900/20 dark:text-emerald-400 font-medium">
> 229 |                                                 {p.tuition_coverage_percentage}% {t('search.coverage', { fallback: 'Tuition' })}
      |                                                                                   ^
  230 |                                             </Badge>
  231 |                                             {p.includes_stipend && (
  232 |                                                 <Badge variant="secondary" className="bg-blue-50 text-blue-700 dark:bg-blue-900/20 dark:text-blue-400 font-medium"> {
  code: 'MISSING_MESSAGE',
  originalMessage: 'Could not resolve `Scholarships.search.coverage` in messages for locale `en`.'
}
 GET /en/scholarships 200 in 6.0s (compile: 64ms, proxy.ts: 510ms, render: 5.5s)
 ✓ Compiled in 104ms
 ⨯ ReferenceError: overrideResult is not defined
    at ProgramDetailPage (src/app/[locale]/(public)/programs/[slug]/page.tsx:128:30)
  126 |     const university = universityResult.data;
  127 |     const accommodationTypes = accommodationResult.data;
> 128 |     const programOverrides = overrideResult.data;
      |                              ^
  129 |
  130 |     // Fetch requirements - check if program has custom requirements
  131 |     let requirements; {
  digest: '792167094'
}
 GET /en/programs/business-administration-jiangsu-university-1 200 in 510ms (compile: 13ms, proxy.ts: 104ms, render: 392ms)
 ⨯ Error: Failed to call `useTranslations` because the context from `NextIntlClientProvider` was not found.

This can happen because:
1) You intended to render this component as a Server Component, the render
   failed, and therefore React attempted to render the component on the client
   instead. If this is the case, check the console for server errors.
2) You intended to render this component on the client side, but no context was found.
   Learn more about this error here: https://next-intl.dev/docs/environments/server-client-components#missing-context
    at ProgramsClient (.next/dev/server/chunks/ssr/Dev_StudyinProject_src_5176be5a._.js:3378:246) {
  digest: '2730383320'
}
 GET /en/programs 200 in 1490ms (compile: 84ms, proxy.ts: 330ms, render: 1076ms)
 GET /sw.js 404 in 76ms (compile: 19ms, render: 57ms)
Universities Debug: [
  {
    name: 'Zhejiang University of Finance and Economics',
    cover: undefined
  },
  {
    name: 'Zhongnan University of Economics and Law',
    cover: undefined
  },
  { name: 'Wenzhou Medical University', cover: undefined },
  { name: 'Changzhou University', cover: undefined },
  { name: 'University of Nottingham Ningbo China', cover: undefined },
  {
    name: 'Shanghai Lixin University of Accounting and Finance ',
    cover: undefined
  },
  {
    name: 'Shanghai University-SILC BUSINESS SCHOOL',
    cover: undefined
  },
  { name: 'Lishui University', cover: undefined }
]
 ✓ Compiled in 165ms
TOTAL RAW: 5012 POPULAR RAW: 1 POPULAR FINAL: 1
Error: MISSING_MESSAGE: Could not resolve `Scholarships.search.coverage` in messages for locale `en`.
    at <unknown> (src/app/[locale]/(public)/scholarships/page.tsx:229:83)
    at Array.map (<anonymous>)
    at ScholarshipsPage (src/app/[locale]/(public)/scholarships/page.tsx:207:46)
  227 |                                         <div className="flex flex-wrap gap-2">
  228 |                                             <Badge variant="secondary" className="bg-emerald-50 text-emerald-700 dark:bg-emerald-900/20 dark:text-emerald-400 font-medium">
> 229 |                                                 {p.tuition_coverage_percentage}% {t('search.coverage', { fallback: 'Tuition' })}
      |                                                                                   ^
  230 |                                             </Badge>
  231 |                                             {p.includes_stipend && (
  232 |                                                 <Badge variant="secondary" className="bg-blue-50 text-blue-700 dark:bg-blue-900/20 dark:text-blue-400 font-medium"> {
  code: 'MISSING_MESSAGE',
  originalMessage: 'Could not resolve `Scholarships.search.coverage` in messages for locale `en`.'
}
 GET /en/programs 200 in 1794ms (compile: 21ms, proxy.ts: 146ms, render: 1627ms)
 GET /en/admin/universities/f7d46033-6611-4eff-9c78-d7950e6dcad8/scholarships/0819eb6c-2c47-4d81-8867-19b8e3b278f8 200 in 1926ms (compile: 201ms, proxy.ts: 914ms, render: 811ms)
 GET /en/admin/universities/951ac24e-acf2-4980-898c-3301b4ba6102/scholarships/new 200 in 1988ms (compile: 244ms, proxy.ts: 922ms, render: 822ms)
 GET /en/programs 200 in 1717ms (compile: 413ms, proxy.ts: 258ms, render: 1047ms)
 GET /en/programs/business-administration-jiangsu-university-1 200 in 2.2s (compile: 238ms, proxy.ts: 443ms, render: 1476ms)
 GET /en/scholarships 200 in 2.4s (compile: 84ms, proxy.ts: 142ms, render: 2.1s)
 GET /en/programs/business-administration-jiangsu-university-1 200 in 1346ms (compile: 10ms, proxy.ts: 124ms, render: 1212ms)
 GET /sw.js 404 in 70ms (compile: 12ms, render: 58ms)
Universities Debug: [
  {
    name: 'Zhejiang University of Finance and Economics',
    cover: undefined
  },
  {
    name: 'Zhongnan University of Economics and Law',
    cover: undefined
  },
  { name: 'Wenzhou Medical University', cover: undefined },
  { name: 'Changzhou University', cover: undefined },
  { name: 'University of Nottingham Ningbo China', cover: undefined },
  {
    name: 'Shanghai Lixin University of Accounting and Finance ',
    cover: undefined
  },
  {
    name: 'Shanghai University-SILC BUSINESS SCHOOL',
    cover: undefined
  },
  { name: 'Lishui University', cover: undefined }
]
 GET /en/universities/jiangsu-university 200 in 2.6s (compile: 669ms, proxy.ts: 161ms, render: 1807ms)
 ✓ Compiled in 168ms
 GET /en/admin/universities/951ac24e-acf2-4980-898c-3301b4ba6102/scholarships/new 200 in 1057ms (compile: 169ms, proxy.ts: 610ms, render: 278ms)
 GET /en/admin/universities/f7d46033-6611-4eff-9c78-d7950e6dcad8/scholarships/0819eb6c-2c47-4d81-8867-19b8e3b278f8 200 in 1072ms (compile: 130ms, proxy.ts: 611ms, render: 331ms)
 GET /en/programs/business-administration-jiangsu-university-1 200 in 1522ms (compile: 364ms, proxy.ts: 265ms, render: 892ms)
 GET /en/programs/business-administration-jiangsu-university-1 200 in 1490ms (compile: 193ms, proxy.ts: 208ms, render: 1089ms)
 GET /en/programs 200 in 1719ms (compile: 158ms, proxy.ts: 678ms, render: 882ms)
TOTAL RAW: 5012 POPULAR RAW: 1 POPULAR FINAL: 1
Error: MISSING_MESSAGE: Could not resolve `Scholarships.search.coverage` in messages for locale `en`.
    at <unknown> (src/app/[locale]/(public)/scholarships/page.tsx:229:83)
    at Array.map (<anonymous>)
    at ScholarshipsPage (src/app/[locale]/(public)/scholarships/page.tsx:207:46)
  227 |                                         <div className="flex flex-wrap gap-2">
  228 |                                             <Badge variant="secondary" className="bg-emerald-50 text-emerald-700 dark:bg-emerald-900/20 dark:text-emerald-400 font-medium">
> 229 |                                                 {p.tuition_coverage_percentage}% {t('search.coverage', { fallback: 'Tuition' })}
      |                                                                                   ^
  230 |                                             </Badge>
  231 |                                             {p.includes_stipend && (
  232 |                                                 <Badge variant="secondary" className="bg-blue-50 text-blue-700 dark:bg-blue-900/20 dark:text-blue-400 font-medium"> {
  code: 'MISSING_MESSAGE',
  originalMessage: 'Could not resolve `Scholarships.search.coverage` in messages for locale `en`.'
}
 GET /en/scholarships 200 in 4.6s (compile: 297ms, proxy.ts: 223ms, render: 4.1s)
 ✓ Compiled in 350ms
TOTAL RAW: 5012 POPULAR RAW: 1 POPULAR FINAL: 1
Error: MISSING_MESSAGE: Could not resolve `Scholarships.search.coverage` in messages for locale `en`.
    at <unknown> (src/app/[locale]/(public)/scholarships/page.tsx:229:83)
    at Array.map (<anonymous>)
    at ScholarshipsPage (src/app/[locale]/(public)/scholarships/page.tsx:207:46)
  227 |                                         <div className="flex flex-wrap gap-2">
  228 |                                             <Badge variant="secondary" className="bg-emerald-50 text-emerald-700 dark:bg-emerald-900/20 dark:text-emerald-400 font-medium">
> 229 |                                                 {p.tuition_coverage_percentage}% {t('search.coverage', { fallback: 'Tuition' })}
      |                                                                                   ^
  230 |                                             </Badge>
  231 |                                             {p.includes_stipend && (
  232 |                                                 <Badge variant="secondary" className="bg-blue-50 text-blue-700 dark:bg-blue-900/20 dark:text-blue-400 font-medium"> {
  code: 'MISSING_MESSAGE',
  originalMessage: 'Could not resolve `Scholarships.search.coverage` in messages for locale `en`.'
}
 GET /en/admin/universities/951ac24e-acf2-4980-898c-3301b4ba6102/scholarships/new 200 in 1818ms (compile: 112ms, proxy.ts: 1318ms, render: 388ms)
 GET /en/admin/universities/f7d46033-6611-4eff-9c78-d7950e6dcad8/scholarships/0819eb6c-2c47-4d81-8867-19b8e3b278f8 200 in 1832ms (compile: 27ms, proxy.ts: 1318ms, render: 486ms)
 GET /en/programs 200 in 1835ms (compile: 216ms, proxy.ts: 388ms, render: 1231ms)
 GET /en/programs/business-administration-jiangsu-university-1 200 in 2.1s (compile: 731ms, proxy.ts: 413ms, render: 978ms)
 GET /en/programs/business-administration-jiangsu-university-1 200 in 2.1s (compile: 612ms, proxy.ts: 417ms, render: 1119ms)
 GET /en/scholarships 200 in 2.4s (compile: 85ms, proxy.ts: 355ms, render: 1970ms)
Universities Debug: [
  {
    name: 'Zhejiang University of Finance and Economics',
    cover: undefined
  },
  {
    name: 'Zhongnan University of Economics and Law',
    cover: undefined
  },
  { name: 'Wenzhou Medical University', cover: undefined },
  { name: 'Changzhou University', cover: undefined },
  { name: 'University of Nottingham Ningbo China', cover: undefined },
  {
    name: 'Shanghai Lixin University of Accounting and Finance ',
    cover: undefined
  },
  {
    name: 'Shanghai University-SILC BUSINESS SCHOOL',
    cover: undefined
  },
  { name: 'Lishui University', cover: undefined }
]
 GET /en 200 in 3.7s (compile: 21ms, proxy.ts: 122ms, render: 3.6s)
 GET /en/articles/csca-guide 200 in 928ms (compile: 755ms, proxy.ts: 133ms, render: 39ms)
 ✓ Compiled in 222ms
TOTAL RAW: 5012 POPULAR RAW: 1 POPULAR FINAL: 1
Error: MISSING_MESSAGE: Could not resolve `Scholarships.search.coverage` in messages for locale `en`.
    at <unknown> (src/app/[locale]/(public)/scholarships/page.tsx:229:83)
    at Array.map (<anonymous>)
    at ScholarshipsPage (src/app/[locale]/(public)/scholarships/page.tsx:207:46)
  227 |                                         <div className="flex flex-wrap gap-2">
  228 |                                             <Badge variant="secondary" className="bg-emerald-50 text-emerald-700 dark:bg-emerald-900/20 dark:text-emerald-400 font-medium">
> 229 |                                                 {p.tuition_coverage_percentage}% {t('search.coverage', { fallback: 'Tuition' })}
      |                                                                                   ^
  230 |                                             </Badge>
  231 |                                             {p.includes_stipend && (
  232 |                                                 <Badge variant="secondary" className="bg-blue-50 text-blue-700 dark:bg-blue-900/20 dark:text-blue-400 font-medium"> {
  code: 'MISSING_MESSAGE',
  originalMessage: 'Could not resolve `Scholarships.search.coverage` in messages for locale `en`.'
}
 GET /en/admin/universities/f7d46033-6611-4eff-9c78-d7950e6dcad8/scholarships/0819eb6c-2c47-4d81-8867-19b8e3b278f8 200 in 1366ms (compile: 62ms, proxy.ts: 635ms, render: 669ms)
 GET /en/admin/universities/951ac24e-acf2-4980-898c-3301b4ba6102/scholarships/new 200 in 1326ms (compile: 190ms, proxy.ts: 994ms, render: 142ms)
 GET /en/programs 200 in 1333ms (compile: 155ms, proxy.ts: 628ms, render: 550ms)
 GET /en/articles/csca-guide 200 in 1431ms (compile: 88ms, proxy.ts: 672ms, render: 672ms)
 GET /en/programs/business-administration-jiangsu-university-1 200 in 1483ms (compile: 239ms, proxy.ts: 166ms, render: 1078ms)
 GET /en/scholarships 200 in 1913ms (compile: 124ms, proxy.ts: 678ms, render: 1111ms)
 GET /en/programs/business-administration-jiangsu-university-1 200 in 1505ms (compile: 7ms, proxy.ts: 131ms, render: 1367ms)
 GET /sw.js 404 in 76ms (compile: 12ms, render: 64ms)
Universities Debug: [
  {
    name: 'Zhejiang University of Finance and Economics',
    cover: undefined
  },
  {
    name: 'Zhongnan University of Economics and Law',
    cover: undefined
  },
  { name: 'Wenzhou Medical University', cover: undefined },
  { name: 'Changzhou University', cover: undefined },
  { name: 'University of Nottingham Ningbo China', cover: undefined },
  {
    name: 'Shanghai Lixin University of Accounting and Finance ',
    cover: undefined
  },
  {
    name: 'Shanghai University-SILC BUSINESS SCHOOL',
    cover: undefined
  },
  { name: 'Lishui University', cover: undefined }
]
